{
"/home/egis/workspace/smart-downloader/src/Downloader.js":{"path":"/home/egis/workspace/smart-downloader/src/Downloader.js","s":{"1":1,"2":1,"3":1,"4":1,"5":1,"6":1,"7":1,"8":1,"9":1,"10":11,"11":11,"12":11,"13":11,"14":11,"15":11,"16":9,"17":9,"18":9,"19":2,"20":0,"21":11,"22":11,"23":9,"24":3,"25":6,"26":9,"27":8,"28":9,"29":1,"30":9,"31":9,"32":9,"33":9,"34":11,"35":1,"36":10,"37":1,"38":9,"39":9,"40":9,"41":1,"42":0,"43":1,"44":20,"45":9,"46":0,"47":0,"48":9,"49":0,"50":0,"51":9,"52":0,"53":0,"54":9,"55":9,"56":9,"57":9,"58":8,"59":1,"60":8,"61":8,"62":1,"63":8,"64":1,"65":1,"66":0,"67":1,"68":1,"69":1,"70":1,"71":1,"72":0,"73":0,"74":0,"75":0,"76":1,"77":20,"78":20,"79":19,"80":19,"81":1,"82":1,"83":0,"84":0,"85":1,"86":1,"87":1,"88":1,"89":1,"90":1,"91":8,"92":3,"93":3,"94":3,"95":2,"96":2,"97":1,"98":1,"99":0,"100":5,"101":8,"102":1,"103":7,"104":4,"105":4,"106":0,"107":3,"108":9,"109":0,"110":1},"b":{"1":[11,0],"2":[3,6],"3":[8,1],"4":[1,8],"5":[1,10],"6":[1,9],"7":[1,8],"8":[9,1],"9":[8,1],"10":[9,8],"11":[1,7],"12":[8,1],"13":[0,1],"14":[1,0],"15":[0,0],"16":[0,0],"17":[19,1],"18":[20,20],"19":[1,18],"20":[19,19],"21":[3,5],"22":[2,1],"23":[1,7],"24":[4,3],"25":[0,9]},"f":{"1":11,"2":11,"3":11,"4":11,"5":9,"6":8,"7":1,"8":1,"9":20,"10":1,"11":8,"12":8,"13":9},"fnMap":{"1":{"name":"(anonymous_1)","line":32,"loc":{"start":{"line":32,"column":15},"end":{"line":32,"column":25}}},"2":{"name":"(anonymous_2)","line":49,"loc":{"start":{"line":49,"column":12},"end":{"line":49,"column":38}}},"3":{"name":"(anonymous_3)","line":77,"loc":{"start":{"line":77,"column":23},"end":{"line":77,"column":33}}},"4":{"name":"(anonymous_4)","line":114,"loc":{"start":{"line":114,"column":19},"end":{"line":114,"column":29}}},"5":{"name":"(anonymous_5)","line":134,"loc":{"start":{"line":134,"column":21},"end":{"line":134,"column":56}}},"6":{"name":"(anonymous_6)","line":191,"loc":{"start":{"line":191,"column":17},"end":{"line":191,"column":43}}},"7":{"name":"(anonymous_7)","line":213,"loc":{"start":{"line":213,"column":15},"end":{"line":213,"column":59}}},"8":{"name":"(anonymous_8)","line":241,"loc":{"start":{"line":241,"column":16},"end":{"line":241,"column":31}}},"9":{"name":"(anonymous_9)","line":271,"loc":{"start":{"line":271,"column":10},"end":{"line":271,"column":53}}},"10":{"name":"(anonymous_10)","line":294,"loc":{"start":{"line":294,"column":17},"end":{"line":294,"column":30}}},"11":{"name":"(anonymous_11)","line":310,"loc":{"start":{"line":310,"column":15},"end":{"line":310,"column":31}}},"12":{"name":"(anonymous_12)","line":348,"loc":{"start":{"line":348,"column":11},"end":{"line":348,"column":32}}},"13":{"name":"(anonymous_13)","line":376,"loc":{"start":{"line":376,"column":9},"end":{"line":376,"column":16}}}},"statementMap":{"1":{"start":{"line":3,"column":0},"end":{"line":3,"column":29}},"2":{"start":{"line":4,"column":0},"end":{"line":4,"column":32}},"3":{"start":{"line":5,"column":0},"end":{"line":5,"column":43}},"4":{"start":{"line":6,"column":0},"end":{"line":6,"column":57}},"5":{"start":{"line":7,"column":0},"end":{"line":7,"column":28}},"6":{"start":{"line":8,"column":0},"end":{"line":8,"column":40}},"7":{"start":{"line":9,"column":0},"end":{"line":9,"column":41}},"8":{"start":{"line":11,"column":0},"end":{"line":11,"column":25}},"9":{"start":{"line":12,"column":0},"end":{"line":21,"column":2}},"10":{"start":{"line":34,"column":8},"end":{"line":40,"column":20}},"11":{"start":{"line":51,"column":8},"end":{"line":51,"column":36}},"12":{"start":{"line":53,"column":8},"end":{"line":69,"column":9}},"13":{"start":{"line":54,"column":12},"end":{"line":64,"column":13}},"14":{"start":{"line":56,"column":16},"end":{"line":56,"column":60}},"15":{"start":{"line":57,"column":16},"end":{"line":57,"column":67}},"16":{"start":{"line":58,"column":16},"end":{"line":58,"column":58}},"17":{"start":{"line":59,"column":16},"end":{"line":59,"column":56}},"18":{"start":{"line":60,"column":16},"end":{"line":60,"column":73}},"19":{"start":{"line":63,"column":16},"end":{"line":63,"column":33}},"20":{"start":{"line":67,"column":12},"end":{"line":67,"column":70}},"21":{"start":{"line":79,"column":8},"end":{"line":79,"column":28}},"22":{"start":{"line":81,"column":8},"end":{"line":81,"column":38}},"23":{"start":{"line":83,"column":8},"end":{"line":89,"column":9}},"24":{"start":{"line":85,"column":12},"end":{"line":85,"column":108}},"25":{"start":{"line":88,"column":12},"end":{"line":88,"column":107}},"26":{"start":{"line":91,"column":8},"end":{"line":94,"column":9}},"27":{"start":{"line":93,"column":12},"end":{"line":93,"column":34}},"28":{"start":{"line":96,"column":8},"end":{"line":99,"column":9}},"29":{"start":{"line":98,"column":12},"end":{"line":98,"column":107}},"30":{"start":{"line":101,"column":8},"end":{"line":101,"column":59}},"31":{"start":{"line":103,"column":8},"end":{"line":103,"column":37}},"32":{"start":{"line":105,"column":8},"end":{"line":105,"column":49}},"33":{"start":{"line":107,"column":8},"end":{"line":107,"column":26}},"34":{"start":{"line":116,"column":8},"end":{"line":119,"column":9}},"35":{"start":{"line":118,"column":12},"end":{"line":118,"column":58}},"36":{"start":{"line":121,"column":8},"end":{"line":124,"column":9}},"37":{"start":{"line":123,"column":12},"end":{"line":123,"column":61}},"38":{"start":{"line":136,"column":8},"end":{"line":136,"column":32}},"39":{"start":{"line":137,"column":8},"end":{"line":137,"column":46}},"40":{"start":{"line":139,"column":8},"end":{"line":150,"column":9}},"41":{"start":{"line":141,"column":12},"end":{"line":144,"column":15}},"42":{"start":{"line":143,"column":16},"end":{"line":143,"column":70}},"43":{"start":{"line":146,"column":12},"end":{"line":149,"column":15}},"44":{"start":{"line":148,"column":16},"end":{"line":148,"column":70}},"45":{"start":{"line":152,"column":8},"end":{"line":156,"column":11}},"46":{"start":{"line":154,"column":12},"end":{"line":154,"column":31}},"47":{"start":{"line":155,"column":12},"end":{"line":155,"column":35}},"48":{"start":{"line":158,"column":8},"end":{"line":162,"column":11}},"49":{"start":{"line":160,"column":12},"end":{"line":160,"column":31}},"50":{"start":{"line":161,"column":12},"end":{"line":161,"column":35}},"51":{"start":{"line":164,"column":8},"end":{"line":168,"column":11}},"52":{"start":{"line":166,"column":12},"end":{"line":166,"column":31}},"53":{"start":{"line":167,"column":12},"end":{"line":167,"column":35}},"54":{"start":{"line":170,"column":8},"end":{"line":182,"column":11}},"55":{"start":{"line":172,"column":12},"end":{"line":172,"column":50}},"56":{"start":{"line":173,"column":12},"end":{"line":173,"column":43}},"57":{"start":{"line":175,"column":12},"end":{"line":181,"column":13}},"58":{"start":{"line":177,"column":16},"end":{"line":177,"column":60}},"59":{"start":{"line":180,"column":16},"end":{"line":180,"column":76}},"60":{"start":{"line":193,"column":8},"end":{"line":193,"column":42}},"61":{"start":{"line":195,"column":8},"end":{"line":198,"column":9}},"62":{"start":{"line":197,"column":12},"end":{"line":197,"column":36}},"63":{"start":{"line":200,"column":8},"end":{"line":200,"column":72}},"64":{"start":{"line":215,"column":8},"end":{"line":215,"column":16}},"65":{"start":{"line":216,"column":8},"end":{"line":222,"column":9}},"66":{"start":{"line":218,"column":12},"end":{"line":218,"column":31}},"67":{"start":{"line":221,"column":12},"end":{"line":221,"column":50}},"68":{"start":{"line":224,"column":8},"end":{"line":232,"column":10}},"69":{"start":{"line":243,"column":8},"end":{"line":243,"column":35}},"70":{"start":{"line":245,"column":8},"end":{"line":259,"column":9}},"71":{"start":{"line":247,"column":12},"end":{"line":247,"column":39}},"72":{"start":{"line":250,"column":12},"end":{"line":253,"column":13}},"73":{"start":{"line":252,"column":16},"end":{"line":252,"column":41}},"74":{"start":{"line":255,"column":12},"end":{"line":258,"column":13}},"75":{"start":{"line":257,"column":16},"end":{"line":257,"column":45}},"76":{"start":{"line":261,"column":8},"end":{"line":261,"column":30}},"77":{"start":{"line":273,"column":8},"end":{"line":273,"column":23}},"78":{"start":{"line":274,"column":8},"end":{"line":286,"column":9}},"79":{"start":{"line":276,"column":12},"end":{"line":276,"column":41}},"80":{"start":{"line":277,"column":12},"end":{"line":285,"column":13}},"81":{"start":{"line":279,"column":16},"end":{"line":279,"column":97}},"82":{"start":{"line":280,"column":16},"end":{"line":284,"column":51}},"83":{"start":{"line":282,"column":20},"end":{"line":282,"column":58}},"84":{"start":{"line":283,"column":20},"end":{"line":283,"column":51}},"85":{"start":{"line":296,"column":8},"end":{"line":296,"column":51}},"86":{"start":{"line":297,"column":8},"end":{"line":297,"column":50}},"87":{"start":{"line":298,"column":8},"end":{"line":298,"column":51}},"88":{"start":{"line":299,"column":8},"end":{"line":299,"column":51}},"89":{"start":{"line":300,"column":8},"end":{"line":300,"column":51}},"90":{"start":{"line":302,"column":8},"end":{"line":302,"column":40}},"91":{"start":{"line":312,"column":8},"end":{"line":337,"column":9}},"92":{"start":{"line":314,"column":12},"end":{"line":314,"column":39}},"93":{"start":{"line":315,"column":12},"end":{"line":333,"column":19}},"94":{"start":{"line":318,"column":20},"end":{"line":327,"column":21}},"95":{"start":{"line":320,"column":24},"end":{"line":320,"column":50}},"96":{"start":{"line":321,"column":24},"end":{"line":321,"column":51}},"97":{"start":{"line":325,"column":24},"end":{"line":325,"column":53}},"98":{"start":{"line":326,"column":24},"end":{"line":326,"column":81}},"99":{"start":{"line":332,"column":20},"end":{"line":332,"column":44}},"100":{"start":{"line":336,"column":12},"end":{"line":336,"column":32}},"101":{"start":{"line":350,"column":8},"end":{"line":353,"column":9}},"102":{"start":{"line":352,"column":12},"end":{"line":352,"column":38}},"103":{"start":{"line":355,"column":8},"end":{"line":369,"column":9}},"104":{"start":{"line":357,"column":12},"end":{"line":365,"column":19}},"105":{"start":{"line":360,"column":20},"end":{"line":360,"column":47}},"106":{"start":{"line":364,"column":20},"end":{"line":364,"column":44}},"107":{"start":{"line":368,"column":12},"end":{"line":368,"column":39}},"108":{"start":{"line":378,"column":8},"end":{"line":381,"column":9}},"109":{"start":{"line":380,"column":12},"end":{"line":380,"column":47}},"110":{"start":{"line":385,"column":0},"end":{"line":385,"column":28}}},"branchMap":{"1":{"line":53,"type":"if","locations":[{"start":{"line":53,"column":8},"end":{"line":53,"column":8}},{"start":{"line":53,"column":8},"end":{"line":53,"column":8}}]},"2":{"line":83,"type":"if","locations":[{"start":{"line":83,"column":8},"end":{"line":83,"column":8}},{"start":{"line":83,"column":8},"end":{"line":83,"column":8}}]},"3":{"line":91,"type":"if","locations":[{"start":{"line":91,"column":8},"end":{"line":91,"column":8}},{"start":{"line":91,"column":8},"end":{"line":91,"column":8}}]},"4":{"line":96,"type":"if","locations":[{"start":{"line":96,"column":8},"end":{"line":96,"column":8}},{"start":{"line":96,"column":8},"end":{"line":96,"column":8}}]},"5":{"line":116,"type":"if","locations":[{"start":{"line":116,"column":8},"end":{"line":116,"column":8}},{"start":{"line":116,"column":8},"end":{"line":116,"column":8}}]},"6":{"line":121,"type":"if","locations":[{"start":{"line":121,"column":8},"end":{"line":121,"column":8}},{"start":{"line":121,"column":8},"end":{"line":121,"column":8}}]},"7":{"line":139,"type":"if","locations":[{"start":{"line":139,"column":8},"end":{"line":139,"column":8}},{"start":{"line":139,"column":8},"end":{"line":139,"column":8}}]},"8":{"line":139,"type":"binary-expr","locations":[{"start":{"line":139,"column":12},"end":{"line":139,"column":20}},{"start":{"line":139,"column":24},"end":{"line":139,"column":46}}]},"9":{"line":175,"type":"if","locations":[{"start":{"line":175,"column":12},"end":{"line":175,"column":12}},{"start":{"line":175,"column":12},"end":{"line":175,"column":12}}]},"10":{"line":175,"type":"binary-expr","locations":[{"start":{"line":175,"column":16},"end":{"line":175,"column":26}},{"start":{"line":175,"column":30},"end":{"line":175,"column":46}}]},"11":{"line":195,"type":"if","locations":[{"start":{"line":195,"column":8},"end":{"line":195,"column":8}},{"start":{"line":195,"column":8},"end":{"line":195,"column":8}}]},"12":{"line":195,"type":"binary-expr","locations":[{"start":{"line":195,"column":12},"end":{"line":195,"column":20}},{"start":{"line":195,"column":24},"end":{"line":195,"column":46}}]},"13":{"line":216,"type":"if","locations":[{"start":{"line":216,"column":8},"end":{"line":216,"column":8}},{"start":{"line":216,"column":8},"end":{"line":216,"column":8}}]},"14":{"line":245,"type":"if","locations":[{"start":{"line":245,"column":8},"end":{"line":245,"column":8}},{"start":{"line":245,"column":8},"end":{"line":245,"column":8}}]},"15":{"line":250,"type":"if","locations":[{"start":{"line":250,"column":12},"end":{"line":250,"column":12}},{"start":{"line":250,"column":12},"end":{"line":250,"column":12}}]},"16":{"line":255,"type":"if","locations":[{"start":{"line":255,"column":12},"end":{"line":255,"column":12}},{"start":{"line":255,"column":12},"end":{"line":255,"column":12}}]},"17":{"line":274,"type":"if","locations":[{"start":{"line":274,"column":8},"end":{"line":274,"column":8}},{"start":{"line":274,"column":8},"end":{"line":274,"column":8}}]},"18":{"line":274,"type":"binary-expr","locations":[{"start":{"line":274,"column":12},"end":{"line":274,"column":16}},{"start":{"line":274,"column":20},"end":{"line":274,"column":44}}]},"19":{"line":277,"type":"if","locations":[{"start":{"line":277,"column":12},"end":{"line":277,"column":12}},{"start":{"line":277,"column":12},"end":{"line":277,"column":12}}]},"20":{"line":277,"type":"binary-expr","locations":[{"start":{"line":277,"column":16},"end":{"line":277,"column":20}},{"start":{"line":277,"column":24},"end":{"line":277,"column":57}}]},"21":{"line":312,"type":"if","locations":[{"start":{"line":312,"column":8},"end":{"line":312,"column":8}},{"start":{"line":312,"column":8},"end":{"line":312,"column":8}}]},"22":{"line":318,"type":"if","locations":[{"start":{"line":318,"column":20},"end":{"line":318,"column":20}},{"start":{"line":318,"column":20},"end":{"line":318,"column":20}}]},"23":{"line":350,"type":"if","locations":[{"start":{"line":350,"column":8},"end":{"line":350,"column":8}},{"start":{"line":350,"column":8},"end":{"line":350,"column":8}}]},"24":{"line":355,"type":"if","locations":[{"start":{"line":355,"column":8},"end":{"line":355,"column":8}},{"start":{"line":355,"column":8},"end":{"line":355,"column":8}}]},"25":{"line":378,"type":"if","locations":[{"start":{"line":378,"column":8},"end":{"line":378,"column":8}},{"start":{"line":378,"column":8},"end":{"line":378,"column":8}}]}},"l":{"3":1,"4":1,"5":1,"6":1,"7":1,"8":1,"9":1,"11":1,"12":1,"34":11,"51":11,"53":11,"54":11,"56":11,"57":11,"58":9,"59":9,"60":9,"63":2,"67":0,"79":11,"81":11,"83":9,"85":3,"88":6,"91":9,"93":8,"96":9,"98":1,"101":9,"103":9,"105":9,"107":9,"116":11,"118":1,"121":10,"123":1,"136":9,"137":9,"139":9,"141":1,"143":0,"146":1,"148":20,"152":9,"154":0,"155":0,"158":9,"160":0,"161":0,"164":9,"166":0,"167":0,"170":9,"172":9,"173":9,"175":9,"177":8,"180":1,"193":8,"195":8,"197":1,"200":8,"215":1,"216":1,"218":0,"221":1,"224":1,"243":1,"245":1,"247":1,"250":0,"252":0,"255":0,"257":0,"261":1,"273":20,"274":20,"276":19,"277":19,"279":1,"280":1,"282":0,"283":0,"296":1,"297":1,"298":1,"299":1,"300":1,"302":1,"312":8,"314":3,"315":3,"318":3,"320":2,"321":2,"325":1,"326":1,"332":0,"336":5,"350":8,"352":1,"355":7,"357":4,"360":4,"364":0,"368":3,"378":9,"380":0,"385":1}}}
