{
"/home/egis/workspace/smart-downloader/src/Downloader.js":{"path":"/home/egis/workspace/smart-downloader/src/Downloader.js","s":{"1":1,"2":1,"3":1,"4":1,"5":1,"6":1,"7":1,"8":1,"9":1,"10":1,"11":11,"12":11,"13":11,"14":11,"15":11,"16":11,"17":9,"18":9,"19":9,"20":2,"21":0,"22":11,"23":11,"24":9,"25":3,"26":6,"27":9,"28":8,"29":9,"30":1,"31":9,"32":9,"33":9,"34":9,"35":11,"36":1,"37":10,"38":1,"39":9,"40":9,"41":9,"42":9,"43":1,"44":1,"45":1,"46":0,"47":1,"48":16,"49":9,"50":0,"51":0,"52":9,"53":0,"54":0,"55":9,"56":0,"57":0,"58":9,"59":9,"60":9,"61":9,"62":8,"63":1,"64":8,"65":8,"66":1,"67":8,"68":1,"69":1,"70":0,"71":1,"72":1,"73":1,"74":1,"75":1,"76":0,"77":0,"78":0,"79":0,"80":1,"81":16,"82":12,"83":1,"84":1,"85":0,"86":0,"87":1,"88":1,"89":1,"90":1,"91":1,"92":1,"93":1,"94":1,"95":1,"96":8,"97":3,"98":3,"99":3,"100":2,"101":2,"102":1,"103":1,"104":0,"105":5,"106":8,"107":1,"108":7,"109":4,"110":4,"111":0,"112":3,"113":9,"114":0,"115":1},"b":{"1":[11,0],"2":[3,6],"3":[8,1],"4":[1,8],"5":[1,10],"6":[1,9],"7":[1,8],"8":[9,1],"9":[8,1],"10":[9,8],"11":[1,7],"12":[8,1],"13":[0,1],"14":[1,0],"15":[0,0],"16":[0,0],"17":[12,4],"18":[16,13],"19":[1,11],"20":[3,5],"21":[2,1],"22":[1,7],"23":[4,3],"24":[0,9]},"f":{"1":11,"2":11,"3":11,"4":11,"5":9,"6":8,"7":1,"8":1,"9":16,"10":1,"11":8,"12":8,"13":9},"fnMap":{"1":{"name":"(anonymous_1)","line":33,"loc":{"start":{"line":33,"column":15},"end":{"line":33,"column":25}}},"2":{"name":"(anonymous_2)","line":50,"loc":{"start":{"line":50,"column":12},"end":{"line":50,"column":38}}},"3":{"name":"(anonymous_3)","line":78,"loc":{"start":{"line":78,"column":23},"end":{"line":78,"column":33}}},"4":{"name":"(anonymous_4)","line":115,"loc":{"start":{"line":115,"column":19},"end":{"line":115,"column":29}}},"5":{"name":"(anonymous_5)","line":135,"loc":{"start":{"line":135,"column":21},"end":{"line":135,"column":56}}},"6":{"name":"(anonymous_6)","line":196,"loc":{"start":{"line":196,"column":17},"end":{"line":196,"column":43}}},"7":{"name":"(anonymous_7)","line":218,"loc":{"start":{"line":218,"column":15},"end":{"line":218,"column":59}}},"8":{"name":"(anonymous_8)","line":246,"loc":{"start":{"line":246,"column":16},"end":{"line":246,"column":31}}},"9":{"name":"(anonymous_9)","line":276,"loc":{"start":{"line":276,"column":14},"end":{"line":276,"column":57}}},"10":{"name":"(anonymous_10)","line":297,"loc":{"start":{"line":297,"column":17},"end":{"line":297,"column":30}}},"11":{"name":"(anonymous_11)","line":322,"loc":{"start":{"line":322,"column":15},"end":{"line":322,"column":31}}},"12":{"name":"(anonymous_12)","line":360,"loc":{"start":{"line":360,"column":11},"end":{"line":360,"column":32}}},"13":{"name":"(anonymous_13)","line":388,"loc":{"start":{"line":388,"column":9},"end":{"line":388,"column":16}}}},"statementMap":{"1":{"start":{"line":3,"column":0},"end":{"line":3,"column":29}},"2":{"start":{"line":4,"column":0},"end":{"line":4,"column":32}},"3":{"start":{"line":5,"column":0},"end":{"line":5,"column":43}},"4":{"start":{"line":6,"column":0},"end":{"line":6,"column":57}},"5":{"start":{"line":7,"column":0},"end":{"line":7,"column":28}},"6":{"start":{"line":8,"column":0},"end":{"line":8,"column":40}},"7":{"start":{"line":9,"column":0},"end":{"line":9,"column":41}},"8":{"start":{"line":10,"column":0},"end":{"line":10,"column":37}},"9":{"start":{"line":12,"column":0},"end":{"line":12,"column":25}},"10":{"start":{"line":13,"column":0},"end":{"line":22,"column":2}},"11":{"start":{"line":35,"column":8},"end":{"line":41,"column":20}},"12":{"start":{"line":52,"column":8},"end":{"line":52,"column":36}},"13":{"start":{"line":54,"column":8},"end":{"line":70,"column":9}},"14":{"start":{"line":55,"column":12},"end":{"line":65,"column":13}},"15":{"start":{"line":57,"column":16},"end":{"line":57,"column":60}},"16":{"start":{"line":58,"column":16},"end":{"line":58,"column":67}},"17":{"start":{"line":59,"column":16},"end":{"line":59,"column":58}},"18":{"start":{"line":60,"column":16},"end":{"line":60,"column":56}},"19":{"start":{"line":61,"column":16},"end":{"line":61,"column":73}},"20":{"start":{"line":64,"column":16},"end":{"line":64,"column":33}},"21":{"start":{"line":68,"column":12},"end":{"line":68,"column":70}},"22":{"start":{"line":80,"column":8},"end":{"line":80,"column":28}},"23":{"start":{"line":82,"column":8},"end":{"line":82,"column":38}},"24":{"start":{"line":84,"column":8},"end":{"line":90,"column":9}},"25":{"start":{"line":86,"column":12},"end":{"line":86,"column":108}},"26":{"start":{"line":89,"column":12},"end":{"line":89,"column":107}},"27":{"start":{"line":92,"column":8},"end":{"line":95,"column":9}},"28":{"start":{"line":94,"column":12},"end":{"line":94,"column":34}},"29":{"start":{"line":97,"column":8},"end":{"line":100,"column":9}},"30":{"start":{"line":99,"column":12},"end":{"line":99,"column":107}},"31":{"start":{"line":102,"column":8},"end":{"line":102,"column":59}},"32":{"start":{"line":104,"column":8},"end":{"line":104,"column":37}},"33":{"start":{"line":106,"column":8},"end":{"line":106,"column":49}},"34":{"start":{"line":108,"column":8},"end":{"line":108,"column":26}},"35":{"start":{"line":117,"column":8},"end":{"line":120,"column":9}},"36":{"start":{"line":119,"column":12},"end":{"line":119,"column":58}},"37":{"start":{"line":122,"column":8},"end":{"line":125,"column":9}},"38":{"start":{"line":124,"column":12},"end":{"line":124,"column":61}},"39":{"start":{"line":137,"column":8},"end":{"line":137,"column":25}},"40":{"start":{"line":138,"column":8},"end":{"line":138,"column":32}},"41":{"start":{"line":139,"column":8},"end":{"line":139,"column":46}},"42":{"start":{"line":141,"column":8},"end":{"line":155,"column":9}},"43":{"start":{"line":143,"column":12},"end":{"line":143,"column":69}},"44":{"start":{"line":144,"column":12},"end":{"line":144,"column":69}},"45":{"start":{"line":146,"column":12},"end":{"line":149,"column":15}},"46":{"start":{"line":148,"column":16},"end":{"line":148,"column":74}},"47":{"start":{"line":151,"column":12},"end":{"line":154,"column":15}},"48":{"start":{"line":153,"column":16},"end":{"line":153,"column":74}},"49":{"start":{"line":157,"column":8},"end":{"line":161,"column":11}},"50":{"start":{"line":159,"column":12},"end":{"line":159,"column":31}},"51":{"start":{"line":160,"column":12},"end":{"line":160,"column":35}},"52":{"start":{"line":163,"column":8},"end":{"line":167,"column":11}},"53":{"start":{"line":165,"column":12},"end":{"line":165,"column":31}},"54":{"start":{"line":166,"column":12},"end":{"line":166,"column":35}},"55":{"start":{"line":169,"column":8},"end":{"line":173,"column":11}},"56":{"start":{"line":171,"column":12},"end":{"line":171,"column":31}},"57":{"start":{"line":172,"column":12},"end":{"line":172,"column":35}},"58":{"start":{"line":175,"column":8},"end":{"line":187,"column":11}},"59":{"start":{"line":177,"column":12},"end":{"line":177,"column":50}},"60":{"start":{"line":178,"column":12},"end":{"line":178,"column":43}},"61":{"start":{"line":180,"column":12},"end":{"line":186,"column":13}},"62":{"start":{"line":182,"column":16},"end":{"line":182,"column":60}},"63":{"start":{"line":185,"column":16},"end":{"line":185,"column":76}},"64":{"start":{"line":198,"column":8},"end":{"line":198,"column":42}},"65":{"start":{"line":200,"column":8},"end":{"line":203,"column":9}},"66":{"start":{"line":202,"column":12},"end":{"line":202,"column":36}},"67":{"start":{"line":205,"column":8},"end":{"line":205,"column":72}},"68":{"start":{"line":220,"column":8},"end":{"line":220,"column":16}},"69":{"start":{"line":221,"column":8},"end":{"line":227,"column":9}},"70":{"start":{"line":223,"column":12},"end":{"line":223,"column":31}},"71":{"start":{"line":226,"column":12},"end":{"line":226,"column":50}},"72":{"start":{"line":229,"column":8},"end":{"line":237,"column":10}},"73":{"start":{"line":248,"column":8},"end":{"line":248,"column":35}},"74":{"start":{"line":250,"column":8},"end":{"line":264,"column":9}},"75":{"start":{"line":252,"column":12},"end":{"line":252,"column":39}},"76":{"start":{"line":255,"column":12},"end":{"line":258,"column":13}},"77":{"start":{"line":257,"column":16},"end":{"line":257,"column":41}},"78":{"start":{"line":260,"column":12},"end":{"line":263,"column":13}},"79":{"start":{"line":262,"column":16},"end":{"line":262,"column":45}},"80":{"start":{"line":266,"column":8},"end":{"line":266,"column":30}},"81":{"start":{"line":278,"column":8},"end":{"line":289,"column":9}},"82":{"start":{"line":280,"column":12},"end":{"line":288,"column":13}},"83":{"start":{"line":282,"column":16},"end":{"line":282,"column":79}},"84":{"start":{"line":283,"column":16},"end":{"line":287,"column":51}},"85":{"start":{"line":285,"column":20},"end":{"line":285,"column":58}},"86":{"start":{"line":286,"column":20},"end":{"line":286,"column":51}},"87":{"start":{"line":299,"column":8},"end":{"line":299,"column":18}},"88":{"start":{"line":301,"column":8},"end":{"line":301,"column":52}},"89":{"start":{"line":302,"column":8},"end":{"line":302,"column":51}},"90":{"start":{"line":303,"column":8},"end":{"line":303,"column":51}},"91":{"start":{"line":304,"column":8},"end":{"line":304,"column":53}},"92":{"start":{"line":305,"column":8},"end":{"line":305,"column":52}},"93":{"start":{"line":306,"column":8},"end":{"line":306,"column":52}},"94":{"start":{"line":307,"column":8},"end":{"line":307,"column":38}},"95":{"start":{"line":309,"column":8},"end":{"line":314,"column":10}},"96":{"start":{"line":324,"column":8},"end":{"line":349,"column":9}},"97":{"start":{"line":326,"column":12},"end":{"line":326,"column":39}},"98":{"start":{"line":327,"column":12},"end":{"line":345,"column":19}},"99":{"start":{"line":330,"column":20},"end":{"line":339,"column":21}},"100":{"start":{"line":332,"column":24},"end":{"line":332,"column":50}},"101":{"start":{"line":333,"column":24},"end":{"line":333,"column":51}},"102":{"start":{"line":337,"column":24},"end":{"line":337,"column":53}},"103":{"start":{"line":338,"column":24},"end":{"line":338,"column":81}},"104":{"start":{"line":344,"column":20},"end":{"line":344,"column":44}},"105":{"start":{"line":348,"column":12},"end":{"line":348,"column":32}},"106":{"start":{"line":362,"column":8},"end":{"line":365,"column":9}},"107":{"start":{"line":364,"column":12},"end":{"line":364,"column":38}},"108":{"start":{"line":367,"column":8},"end":{"line":381,"column":9}},"109":{"start":{"line":369,"column":12},"end":{"line":377,"column":19}},"110":{"start":{"line":372,"column":20},"end":{"line":372,"column":47}},"111":{"start":{"line":376,"column":20},"end":{"line":376,"column":44}},"112":{"start":{"line":380,"column":12},"end":{"line":380,"column":39}},"113":{"start":{"line":390,"column":8},"end":{"line":393,"column":9}},"114":{"start":{"line":392,"column":12},"end":{"line":392,"column":47}},"115":{"start":{"line":397,"column":0},"end":{"line":397,"column":28}}},"branchMap":{"1":{"line":54,"type":"if","locations":[{"start":{"line":54,"column":8},"end":{"line":54,"column":8}},{"start":{"line":54,"column":8},"end":{"line":54,"column":8}}]},"2":{"line":84,"type":"if","locations":[{"start":{"line":84,"column":8},"end":{"line":84,"column":8}},{"start":{"line":84,"column":8},"end":{"line":84,"column":8}}]},"3":{"line":92,"type":"if","locations":[{"start":{"line":92,"column":8},"end":{"line":92,"column":8}},{"start":{"line":92,"column":8},"end":{"line":92,"column":8}}]},"4":{"line":97,"type":"if","locations":[{"start":{"line":97,"column":8},"end":{"line":97,"column":8}},{"start":{"line":97,"column":8},"end":{"line":97,"column":8}}]},"5":{"line":117,"type":"if","locations":[{"start":{"line":117,"column":8},"end":{"line":117,"column":8}},{"start":{"line":117,"column":8},"end":{"line":117,"column":8}}]},"6":{"line":122,"type":"if","locations":[{"start":{"line":122,"column":8},"end":{"line":122,"column":8}},{"start":{"line":122,"column":8},"end":{"line":122,"column":8}}]},"7":{"line":141,"type":"if","locations":[{"start":{"line":141,"column":8},"end":{"line":141,"column":8}},{"start":{"line":141,"column":8},"end":{"line":141,"column":8}}]},"8":{"line":141,"type":"binary-expr","locations":[{"start":{"line":141,"column":12},"end":{"line":141,"column":20}},{"start":{"line":141,"column":24},"end":{"line":141,"column":46}}]},"9":{"line":180,"type":"if","locations":[{"start":{"line":180,"column":12},"end":{"line":180,"column":12}},{"start":{"line":180,"column":12},"end":{"line":180,"column":12}}]},"10":{"line":180,"type":"binary-expr","locations":[{"start":{"line":180,"column":16},"end":{"line":180,"column":26}},{"start":{"line":180,"column":30},"end":{"line":180,"column":46}}]},"11":{"line":200,"type":"if","locations":[{"start":{"line":200,"column":8},"end":{"line":200,"column":8}},{"start":{"line":200,"column":8},"end":{"line":200,"column":8}}]},"12":{"line":200,"type":"binary-expr","locations":[{"start":{"line":200,"column":12},"end":{"line":200,"column":20}},{"start":{"line":200,"column":24},"end":{"line":200,"column":46}}]},"13":{"line":221,"type":"if","locations":[{"start":{"line":221,"column":8},"end":{"line":221,"column":8}},{"start":{"line":221,"column":8},"end":{"line":221,"column":8}}]},"14":{"line":250,"type":"if","locations":[{"start":{"line":250,"column":8},"end":{"line":250,"column":8}},{"start":{"line":250,"column":8},"end":{"line":250,"column":8}}]},"15":{"line":255,"type":"if","locations":[{"start":{"line":255,"column":12},"end":{"line":255,"column":12}},{"start":{"line":255,"column":12},"end":{"line":255,"column":12}}]},"16":{"line":260,"type":"if","locations":[{"start":{"line":260,"column":12},"end":{"line":260,"column":12}},{"start":{"line":260,"column":12},"end":{"line":260,"column":12}}]},"17":{"line":278,"type":"if","locations":[{"start":{"line":278,"column":8},"end":{"line":278,"column":8}},{"start":{"line":278,"column":8},"end":{"line":278,"column":8}}]},"18":{"line":278,"type":"binary-expr","locations":[{"start":{"line":278,"column":12},"end":{"line":278,"column":16}},{"start":{"line":278,"column":20},"end":{"line":278,"column":44}}]},"19":{"line":280,"type":"if","locations":[{"start":{"line":280,"column":12},"end":{"line":280,"column":12}},{"start":{"line":280,"column":12},"end":{"line":280,"column":12}}]},"20":{"line":324,"type":"if","locations":[{"start":{"line":324,"column":8},"end":{"line":324,"column":8}},{"start":{"line":324,"column":8},"end":{"line":324,"column":8}}]},"21":{"line":330,"type":"if","locations":[{"start":{"line":330,"column":20},"end":{"line":330,"column":20}},{"start":{"line":330,"column":20},"end":{"line":330,"column":20}}]},"22":{"line":362,"type":"if","locations":[{"start":{"line":362,"column":8},"end":{"line":362,"column":8}},{"start":{"line":362,"column":8},"end":{"line":362,"column":8}}]},"23":{"line":367,"type":"if","locations":[{"start":{"line":367,"column":8},"end":{"line":367,"column":8}},{"start":{"line":367,"column":8},"end":{"line":367,"column":8}}]},"24":{"line":390,"type":"if","locations":[{"start":{"line":390,"column":8},"end":{"line":390,"column":8}},{"start":{"line":390,"column":8},"end":{"line":390,"column":8}}]}},"l":{"3":1,"4":1,"5":1,"6":1,"7":1,"8":1,"9":1,"10":1,"12":1,"13":1,"35":11,"52":11,"54":11,"55":11,"57":11,"58":11,"59":9,"60":9,"61":9,"64":2,"68":0,"80":11,"82":11,"84":9,"86":3,"89":6,"92":9,"94":8,"97":9,"99":1,"102":9,"104":9,"106":9,"108":9,"117":11,"119":1,"122":10,"124":1,"137":9,"138":9,"139":9,"141":9,"143":1,"144":1,"146":1,"148":0,"151":1,"153":16,"157":9,"159":0,"160":0,"163":9,"165":0,"166":0,"169":9,"171":0,"172":0,"175":9,"177":9,"178":9,"180":9,"182":8,"185":1,"198":8,"200":8,"202":1,"205":8,"220":1,"221":1,"223":0,"226":1,"229":1,"248":1,"250":1,"252":1,"255":0,"257":0,"260":0,"262":0,"266":1,"278":16,"280":12,"282":1,"283":1,"285":0,"286":0,"299":1,"301":1,"302":1,"303":1,"304":1,"305":1,"306":1,"307":1,"309":1,"324":8,"326":3,"327":3,"330":3,"332":2,"333":2,"337":1,"338":1,"344":0,"348":5,"362":8,"364":1,"367":7,"369":4,"372":4,"376":0,"380":3,"390":9,"392":0,"397":1}}}
