TN:
SF:/home/egis/workspace/smart-downloader/src/Downloader.js
FN:33,(anonymous_1)
FN:50,(anonymous_2)
FN:80,(anonymous_3)
FN:116,(anonymous_4)
FN:130,(anonymous_5)
FN:145,(anonymous_6)
FN:165,(anonymous_7)
FN:225,(anonymous_8)
FN:247,(anonymous_9)
FN:275,(anonymous_10)
FN:305,(anonymous_11)
FN:332,(anonymous_12)
FN:346,(anonymous_13)
FN:399,(anonymous_14)
FN:437,(anonymous_15)
FN:466,(anonymous_16)
FNF:16
FNH:16
FNDA:14,(anonymous_1)
FNDA:14,(anonymous_2)
FNDA:14,(anonymous_3)
FNDA:12,(anonymous_4)
FNDA:12,(anonymous_5)
FNDA:14,(anonymous_6)
FNDA:12,(anonymous_7)
FNDA:10,(anonymous_8)
FNDA:2,(anonymous_9)
FNDA:2,(anonymous_10)
FNDA:182,(anonymous_11)
FNDA:9,(anonymous_12)
FNDA:9,(anonymous_13)
FNDA:10,(anonymous_14)
FNDA:10,(anonymous_15)
FNDA:12,(anonymous_16)
DA:3,1
DA:4,1
DA:5,1
DA:6,1
DA:7,1
DA:8,1
DA:9,1
DA:10,1
DA:12,1
DA:13,1
DA:35,14
DA:52,14
DA:54,14
DA:55,14
DA:57,14
DA:58,14
DA:59,12
DA:60,12
DA:61,12
DA:64,2
DA:68,0
DA:72,14
DA:82,14
DA:84,14
DA:86,12
DA:88,4
DA:91,8
DA:94,12
DA:96,11
DA:99,12
DA:101,2
DA:104,12
DA:105,12
DA:107,12
DA:109,12
DA:111,12
DA:113,12
DA:118,12
DA:120,1
DA:122,2
DA:124,2
DA:132,12
DA:134,1
DA:136,2
DA:147,14
DA:149,1
DA:152,13
DA:154,1
DA:167,12
DA:168,12
DA:169,12
DA:173,12
DA:174,12
DA:176,12
DA:178,0
DA:181,12
DA:183,182
DA:186,12
DA:188,0
DA:189,0
DA:192,12
DA:194,0
DA:195,0
DA:198,12
DA:200,0
DA:201,0
DA:204,12
DA:206,12
DA:207,12
DA:209,12
DA:211,10
DA:214,2
DA:227,10
DA:229,10
DA:231,0
DA:234,10
DA:249,2
DA:250,2
DA:252,0
DA:255,2
DA:258,2
DA:277,2
DA:279,2
DA:281,1
DA:284,1
DA:286,0
DA:289,1
DA:291,1
DA:295,2
DA:307,182
DA:309,182
DA:311,130
DA:313,9
DA:314,9
DA:315,9
DA:316,9
DA:318,1
DA:319,1
DA:334,9
DA:336,1
DA:337,1
DA:348,9
DA:349,9
DA:356,9
DA:357,9
DA:358,9
DA:359,9
DA:360,9
DA:361,9
DA:362,9
DA:363,9
DA:365,9
DA:367,1
DA:373,8
DA:375,6
DA:383,2
DA:391,9
DA:401,10
DA:403,3
DA:404,3
DA:407,3
DA:409,2
DA:410,2
DA:414,1
DA:415,1
DA:421,0
DA:425,7
DA:439,10
DA:441,1
DA:444,9
DA:446,5
DA:449,5
DA:453,0
DA:457,4
DA:468,12
DA:470,2
DA:471,2
DA:478,1
LF:138
LH:125
BRDA:54,1,0,14
BRDA:54,1,1,0
BRDA:86,2,0,4
BRDA:86,2,1,8
BRDA:94,3,0,11
BRDA:94,3,1,1
BRDA:99,4,0,2
BRDA:99,4,1,10
BRDA:118,5,0,1
BRDA:118,5,1,11
BRDA:118,6,0,12
BRDA:118,6,1,12
BRDA:118,6,2,1
BRDA:122,7,0,2
BRDA:122,7,1,0
BRDA:132,8,0,1
BRDA:132,8,1,11
BRDA:132,9,0,12
BRDA:132,9,1,12
BRDA:132,9,2,1
BRDA:147,10,0,1
BRDA:147,10,1,13
BRDA:152,11,0,1
BRDA:152,11,1,12
BRDA:209,12,0,10
BRDA:209,12,1,2
BRDA:209,13,0,12
BRDA:209,13,1,10
BRDA:229,14,0,0
BRDA:229,14,1,10
BRDA:229,15,0,10
BRDA:229,15,1,1
BRDA:229,15,2,1
BRDA:250,16,0,0
BRDA:250,16,1,2
BRDA:279,17,0,1
BRDA:279,17,1,1
BRDA:284,18,0,0
BRDA:284,18,1,1
BRDA:289,19,0,1
BRDA:289,19,1,0
BRDA:309,20,0,130
BRDA:309,20,1,52
BRDA:309,21,0,182
BRDA:309,21,1,154
BRDA:311,22,0,9
BRDA:311,22,1,121
BRDA:334,23,0,1
BRDA:334,23,1,8
BRDA:334,24,0,9
BRDA:334,24,1,1
BRDA:365,25,0,1
BRDA:365,25,1,8
BRDA:373,26,0,6
BRDA:373,26,1,2
BRDA:401,27,0,3
BRDA:401,27,1,7
BRDA:407,28,0,2
BRDA:407,28,1,1
BRDA:439,29,0,1
BRDA:439,29,1,9
BRDA:444,30,0,5
BRDA:444,30,1,4
BRDA:468,31,0,2
BRDA:468,31,1,10
BRF:65
BRH:59
end_of_record
