TN:
SF:/home/egis/workspace/smart-downloader/src/Downloader.js
FN:33,(anonymous_1)
FN:50,(anonymous_2)
FN:78,(anonymous_3)
FN:115,(anonymous_4)
FN:135,(anonymous_5)
FN:196,(anonymous_6)
FN:218,(anonymous_7)
FN:246,(anonymous_8)
FN:276,(anonymous_9)
FN:297,(anonymous_10)
FN:322,(anonymous_11)
FN:360,(anonymous_12)
FN:388,(anonymous_13)
FNF:13
FNH:13
FNDA:11,(anonymous_1)
FNDA:11,(anonymous_2)
FNDA:11,(anonymous_3)
FNDA:11,(anonymous_4)
FNDA:9,(anonymous_5)
FNDA:8,(anonymous_6)
FNDA:1,(anonymous_7)
FNDA:1,(anonymous_8)
FNDA:16,(anonymous_9)
FNDA:1,(anonymous_10)
FNDA:8,(anonymous_11)
FNDA:8,(anonymous_12)
FNDA:9,(anonymous_13)
DA:3,1
DA:4,1
DA:5,1
DA:6,1
DA:7,1
DA:8,1
DA:9,1
DA:10,1
DA:12,1
DA:13,1
DA:35,11
DA:52,11
DA:54,11
DA:55,11
DA:57,11
DA:58,11
DA:59,9
DA:60,9
DA:61,9
DA:64,2
DA:68,0
DA:80,11
DA:82,11
DA:84,9
DA:86,3
DA:89,6
DA:92,9
DA:94,8
DA:97,9
DA:99,1
DA:102,9
DA:104,9
DA:106,9
DA:108,9
DA:117,11
DA:119,1
DA:122,10
DA:124,1
DA:137,9
DA:138,9
DA:139,9
DA:141,9
DA:143,1
DA:144,1
DA:146,1
DA:148,0
DA:151,1
DA:153,16
DA:157,9
DA:159,0
DA:160,0
DA:163,9
DA:165,0
DA:166,0
DA:169,9
DA:171,0
DA:172,0
DA:175,9
DA:177,9
DA:178,9
DA:180,9
DA:182,8
DA:185,1
DA:198,8
DA:200,8
DA:202,1
DA:205,8
DA:220,1
DA:221,1
DA:223,0
DA:226,1
DA:229,1
DA:248,1
DA:250,1
DA:252,1
DA:255,0
DA:257,0
DA:260,0
DA:262,0
DA:266,1
DA:278,16
DA:280,12
DA:282,1
DA:283,1
DA:285,0
DA:286,0
DA:299,1
DA:301,1
DA:302,1
DA:303,1
DA:304,1
DA:305,1
DA:306,1
DA:307,1
DA:309,1
DA:324,8
DA:326,3
DA:327,3
DA:330,3
DA:332,2
DA:333,2
DA:337,1
DA:338,1
DA:344,0
DA:348,5
DA:362,8
DA:364,1
DA:367,7
DA:369,4
DA:372,4
DA:376,0
DA:380,3
DA:390,9
DA:392,0
DA:397,1
LF:115
LH:97
BRDA:54,1,0,11
BRDA:54,1,1,0
BRDA:84,2,0,3
BRDA:84,2,1,6
BRDA:92,3,0,8
BRDA:92,3,1,1
BRDA:97,4,0,1
BRDA:97,4,1,8
BRDA:117,5,0,1
BRDA:117,5,1,10
BRDA:122,6,0,1
BRDA:122,6,1,9
BRDA:141,7,0,1
BRDA:141,7,1,8
BRDA:141,8,0,9
BRDA:141,8,1,1
BRDA:180,9,0,8
BRDA:180,9,1,1
BRDA:180,10,0,9
BRDA:180,10,1,8
BRDA:200,11,0,1
BRDA:200,11,1,7
BRDA:200,12,0,8
BRDA:200,12,1,1
BRDA:221,13,0,0
BRDA:221,13,1,1
BRDA:250,14,0,1
BRDA:250,14,1,0
BRDA:255,15,0,0
BRDA:255,15,1,0
BRDA:260,16,0,0
BRDA:260,16,1,0
BRDA:278,17,0,12
BRDA:278,17,1,4
BRDA:278,18,0,16
BRDA:278,18,1,13
BRDA:280,19,0,1
BRDA:280,19,1,11
BRDA:324,20,0,3
BRDA:324,20,1,5
BRDA:330,21,0,2
BRDA:330,21,1,1
BRDA:362,22,0,1
BRDA:362,22,1,7
BRDA:367,23,0,4
BRDA:367,23,1,3
BRDA:390,24,0,0
BRDA:390,24,1,9
BRF:48
BRH:40
end_of_record
